# JRE version: Java(TM) SE Runtime Environment (8.0_151-b12) (build 1.8.0_151-b12)
# Java VM: Java HotSpot(TM) 64-Bit Server VM (25.151-b12 mixed mode linux-amd64 compressed oops)
Heap:
 PSYoungGen      total 887808K, used 48626K [0x000000076ab00000, 0x00000007a3d80000, 0x00000007c0000000)
  eden space 839168K, 0% used [0x000000076ab00000,0x000000076ab00000,0x000000079de80000)
  from space 48640K, 99% used [0x000000079de80000,0x00000007a0dfcb80,0x00000007a0e00000)
  to   space 35328K, 0% used [0x00000007a1b00000,0x00000007a1b00000,0x00000007a3d80000)
 ParOldGen       total 521728K, used 112719K [0x00000006c0000000, 0x00000006dfd80000, 0x000000076ab00000)
  object space 521728K, 21% used [0x00000006c0000000,0x00000006c6e13d20,0x00000006dfd80000)
 Metaspace       used 95482K, capacity 101328K, committed 101544K, reserved 1134592K
  class space    used 15815K, capacity 16206K, committed 16296K, reserved 1048576K
GC Heap History (10 events):
Event: 53.525 GC heap after
Heap after GC invocations=13 (full 4):
 PSYoungGen      total 403968K, used 34788K [0x000000076ab00000, 0x0000000794d80000, 0x00000007c0000000)
  eden space 369152K, 0% used [0x000000076ab00000,0x000000076ab00000,0x0000000781380000)
  from space 34816K, 99% used [0x0000000781380000,0x0000000783579208,0x0000000783580000)
  to   space 45568K, 0% used [0x0000000792100000,0x0000000792100000,0x0000000794d80000)
 ParOldGen       total 396800K, used 36833K [0x00000006c0000000, 0x00000006d8380000, 0x000000076ab00000)
  object space 396800K, 9% used [0x00000006c0000000,0x00000006c23f8718,0x00000006d8380000)
 Metaspace       used 68595K, capacity 69554K, committed 69672K, reserved 1105920K
  class space    used 12291K, capacity 12508K, committed 12584K, reserved 1048576K
}
Event: 60.427 GC heap before
{Heap before GC invocations=14 (full 4):
 PSYoungGen      total 403968K, used 200970K [0x000000076ab00000, 0x0000000794d80000, 0x00000007c0000000)
  eden space 369152K, 45% used [0x000000076ab00000,0x0000000774d49700,0x0000000781380000)
  from space 34816K, 99% used [0x0000000781380000,0x0000000783579208,0x0000000783580000)
  to   space 45568K, 0% used [0x0000000792100000,0x0000000792100000,0x0000000794d80000)
 ParOldGen       total 396800K, used 36833K [0x00000006c0000000, 0x00000006d8380000, 0x000000076ab00000)
  object space 396800K, 9% used [0x00000006c0000000,0x00000006c23f8718,0x00000006d8380000)
 Metaspace       used 70999K, capacity 72256K, committed 72360K, reserved 1107968K
  class space    used 12678K, capacity 12918K, committed 12968K, reserved 1048576K
Event: 64.584 GC heap after
Heap after GC invocations=14 (full 4):
 PSYoungGen      total 638464K, used 44442K [0x000000076ab00000, 0x000000079a180000, 0x00000007c0000000)
  eden space 592896K, 0% used [0x000000076ab00000,0x000000076ab00000,0x000000078ee00000)
  from space 45568K, 97% used [0x0000000792100000,0x0000000794c66ab8,0x0000000794d80000)
  to   space 52224K, 0% used [0x000000078ee00000,0x000000078ee00000,0x0000000792100000)
 ParOldGen       total 396800K, used 52946K [0x00000006c0000000, 0x00000006d8380000, 0x000000076ab00000)
  object space 396800K, 13% used [0x00000006c0000000,0x00000006c33b4890,0x00000006d8380000)
 Metaspace       used 70999K, capacity 72256K, committed 72360K, reserved 1107968K
  class space    used 12678K, capacity 12918K, committed 12968K, reserved 1048576K
}
Event: 64.584 GC heap before
{Heap before GC invocations=15 (full 5):
 PSYoungGen      total 638464K, used 44442K [0x000000076ab00000, 0x000000079a180000, 0x00000007c0000000)
  eden space 592896K, 0% used [0x000000076ab00000,0x000000076ab00000,0x000000078ee00000)
  from space 45568K, 97% used [0x0000000792100000,0x0000000794c66ab8,0x0000000794d80000)
  to   space 52224K, 0% used [0x000000078ee00000,0x000000078ee00000,0x0000000792100000)
 ParOldGen       total 396800K, used 52946K [0x00000006c0000000, 0x00000006d8380000, 0x000000076ab00000)
  object space 396800K, 13% used [0x00000006c0000000,0x00000006c33b4890,0x00000006d8380000)
 Metaspace       used 70999K, capacity 72256K, committed 72360K, reserved 1107968K
  class space    used 12678K, capacity 12918K, committed 12968K, reserved 1048576K
Event: 68.092 GC heap after
Heap after GC invocations=15 (full 5):
 PSYoungGen      total 638464K, used 0K [0x000000076ab00000, 0x000000079a180000, 0x00000007c0000000)
  eden space 592896K, 0% used [0x000000076ab00000,0x000000076ab00000,0x000000078ee00000)
  from space 45568K, 0% used [0x0000000792100000,0x0000000792100000,0x0000000794d80000)
  to   space 52224K, 0% used [0x000000078ee00000,0x000000078ee00000,0x0000000792100000)
 ParOldGen       total 521728K, used 77730K [0x00000006c0000000, 0x00000006dfd80000, 0x000000076ab00000)
  object space 521728K, 14% used [0x00000006c0000000,0x00000006c4be8a88,0x00000006dfd80000)
 Metaspace       used 70901K, capacity 72058K, committed 72360K, reserved 1107968K
  class space    used 12645K, capacity 12880K, committed 12968K, reserved 1048576K
}
Event: 81.983 GC heap before
{Heap before GC invocations=16 (full 5):
 PSYoungGen      total 638464K, used 592896K [0x000000076ab00000, 0x000000079a180000, 0x00000007c0000000)
  eden space 592896K, 100% used [0x000000076ab00000,0x000000078ee00000,0x000000078ee00000)
  from space 45568K, 0% used [0x0000000792100000,0x0000000792100000,0x0000000794d80000)
  to   space 52224K, 0% used [0x000000078ee00000,0x000000078ee00000,0x0000000792100000)
 ParOldGen       total 521728K, used 77730K [0x00000006c0000000, 0x00000006dfd80000, 0x000000076ab00000)
  object space 521728K, 14% used [0x00000006c0000000,0x00000006c4be8a88,0x00000006dfd80000)
 Metaspace       used 77637K, capacity 79500K, committed 79656K, reserved 1116160K
  class space    used 13333K, capacity 13582K, committed 13608K, reserved 1048576K
Event: 82.001 GC heap after
Heap after GC invocations=16 (full 5):
 PSYoungGen      total 645120K, used 14175K [0x000000076ab00000, 0x00000007a4c80000, 0x00000007c0000000)
  eden space 592896K, 0% used [0x000000076ab00000,0x000000076ab00000,0x000000078ee00000)
  from space 52224K, 27% used [0x000000078ee00000,0x000000078fbd7df0,0x0000000792100000)
  to   space 50688K, 0% used [0x00000007a1b00000,0x00000007a1b00000,0x00000007a4c80000)
 ParOldGen       total 521728K, used 77738K [0x00000006c0000000, 0x00000006dfd80000, 0x000000076ab00000)
  object space 521728K, 14% used [0x00000006c0000000,0x00000006c4beaa88,0x00000006dfd80000)
 Metaspace       used 77637K, capacity 79500K, committed 79656K, reserved 1116160K
  class space    used 13333K, capacity 13582K, committed 13608K, reserved 1048576K
}
Event: 100.749 GC heap before
{Heap before GC invocations=17 (full 5):
 PSYoungGen      total 645120K, used 607071K [0x000000076ab00000, 0x00000007a4c80000, 0x00000007c0000000)
  eden space 592896K, 100% used [0x000000076ab00000,0x000000078ee00000,0x000000078ee00000)
  from space 52224K, 27% used [0x000000078ee00000,0x000000078fbd7df0,0x0000000792100000)
  to   space 50688K, 0% used [0x00000007a1b00000,0x00000007a1b00000,0x00000007a4c80000)
 ParOldGen       total 521728K, used 77738K [0x00000006c0000000, 0x00000006dfd80000, 0x000000076ab00000)
  object space 521728K, 14% used [0x00000006c0000000,0x00000006c4beaa88,0x00000006dfd80000)
 Metaspace       used 79046K, capacity 81156K, committed 81448K, reserved 1116160K
  class space    used 13506K, capacity 13758K, committed 13864K, reserved 1048576K
Event: 101.599 GC heap after
Heap after GC invocations=17 (full 5):
 PSYoungGen      total 874496K, used 15480K [0x000000076ab00000, 0x00000007a3d80000, 0x00000007c0000000)
  eden space 839168K, 0% used [0x000000076ab00000,0x000000076ab00000,0x000000079de80000)
  from space 35328K, 43% used [0x00000007a1b00000,0x00000007a2a1e3e0,0x00000007a3d80000)
  to   space 48640K, 0% used [0x000000079de80000,0x000000079de80000,0x00000007a0e00000)
 ParOldGen       total 521728K, used 77746K [0x00000006c0000000, 0x00000006dfd80000, 0x000000076ab00000)
  object space 521728K, 14% used [0x00000006c0000000,0x00000006c4beca88,0x00000006dfd80000)
 Metaspace       used 79046K, capacity 81156K, committed 81448K, reserved 1116160K
  class space    used 13506K, capacity 13758K, committed 13864K, reserved 1048576K
}
Event: 149.657 GC heap before
{Heap before GC invocations=18 (full 5):
 PSYoungGen      total 874496K, used 854648K [0x000000076ab00000, 0x00000007a3d80000, 0x00000007c0000000)
  eden space 839168K, 100% used [0x000000076ab00000,0x000000079de80000,0x000000079de80000)
  from space 35328K, 43% used [0x00000007a1b00000,0x00000007a2a1e3e0,0x00000007a3d80000)
  to   space 48640K, 0% used [0x000000079de80000,0x000000079de80000,0x00000007a0e00000)
 ParOldGen       total 521728K, used 77746K [0x00000006c0000000, 0x00000006dfd80000, 0x000000076ab00000)
  object space 521728K, 14% used [0x00000006c0000000,0x00000006c4beca88,0x00000006dfd80000)
 Metaspace       used 95482K, capacity 101328K, committed 101544K, reserved 1134592K
  class space    used 15815K, capacity 16206K, committed 16296K, reserved 1048576K

